<?xml version="1.0" encoding="UTF-8"?>
<!-- Generated by org.testng.reporters.JUnitReportReporter -->
<testsuite hostname="Miha-PC" name="tests.components.profile_page.EditProfileTest" tests="1" failures="0" timestamp="30 Mar 2016 17:44:46 GMT" time="45.236" errors="0">
  <testcase name="canEditProfileWithValidValues" time="45.236" classname="tests.components.profile_page.EditProfileTest"/>
</testsuite> <!-- tests.components.profile_page.EditProfileTest -->
