<?xml version="1.0" encoding="UTF-8"?>
<!-- Generated by org.testng.reporters.JUnitReportReporter -->
<testsuite hostname="Miha-PC" name="tests.components.profile_page.EditProfileTest" tests="1" failures="0" timestamp="13 Feb 2016 19:06:21 GMT" time="26.834" errors="0">
  <testcase name="canEditProfileWithValidValues" time="26.834" classname="tests.components.profile_page.EditProfileTest"/>
</testsuite> <!-- tests.components.profile_page.EditProfileTest -->
