<?xml version="1.0" encoding="UTF-8"?>
<!-- Generated by org.testng.reporters.JUnitReportReporter -->
<testsuite hostname="Miha-PC" name="tests.components.home_page.HomePageTest" tests="1" failures="1" timestamp="30 Mar 2016 17:44:46 GMT" time="30.564" errors="0">
  <testcase name="canVerifyContentOfHomePage" time="30.564" classname="tests.components.home_page.HomePageTest">
    <failure type="java.lang.AssertionError" message="Sets differ: expected [File Sharing, Fun), test] but got [File Sharing, test, Fun), DirectoryName]">
      <![CDATA[java.lang.AssertionError: Sets differ: expected [File Sharing, Fun), test] but got [File Sharing, test, Fun), DirectoryName]
	at org.testng.Assert.fail(Assert.java:94)
	at org.testng.Assert.assertEquals(Assert.java:808)
	at org.testng.Assert.assertEquals(Assert.java:786)
	at tests.components.home_page.HomePageTest.canVerifyContentOfHomePage(HomePageTest.java:28)
	at sun.reflect.NativeMethodAccessorImpl.invoke0(Native Method)
	at sun.reflect.NativeMethodAccessorImpl.invoke(NativeMethodAccessorImpl.java:62)
	at sun.reflect.DelegatingMethodAccessorImpl.invoke(DelegatingMethodAccessorImpl.java:43)
	at java.lang.reflect.Method.invoke(Method.java:498)
	at org.testng.internal.MethodInvocationHelper.invokeMethod(MethodInvocationHelper.java:85)
	at org.testng.internal.Invoker.invokeMethod(Invoker.java:639)
	at org.testng.internal.Invoker.invokeTestMethod(Invoker.java:816)
	at org.testng.internal.Invoker.invokeTestMethods(Invoker.java:1124)
	at org.testng.internal.TestMethodWorker.invokeTestMethods(TestMethodWorker.java:125)
	at org.testng.internal.TestMethodWorker.run(TestMethodWorker.java:108)
	at java.util.concurrent.ThreadPoolExecutor.runWorker(ThreadPoolExecutor.java:1142)
	at java.util.concurrent.ThreadPoolExecutor$Worker.run(ThreadPoolExecutor.java:617)
	at java.lang.Thread.run(Thread.java:745)
]]>
    </failure>
  </testcase> <!-- canVerifyContentOfHomePage -->
</testsuite> <!-- tests.components.home_page.HomePageTest -->
