<?xml version="1.0" encoding="UTF-8"?>
<!-- Generated by org.testng.reporters.JUnitReportReporter -->
<testsuite hostname="Miha-PC" name="tests.components.login_page.LoginTest" tests="4" failures="0" timestamp="13 Feb 2016 19:06:21 GMT" time="28.601" errors="0">
  <testcase name="shouldAlertAppearsIfLogInWithEmptyCredentials" time="0.951" classname="tests.components.login_page.LoginTest"/>
  <testcase name="shouldAlertAppearsIfLogInWithEmptyCredentials" time="1.579" classname="tests.components.login_page.LoginTest"/>
  <testcase name="canLoginWithValidCredentials" time="21.965" classname="tests.components.login_page.LoginTest"/>
  <testcase name="canNotLoginWithIncorrectLogin" time="4.106" classname="tests.components.login_page.LoginTest"/>
</testsuite> <!-- tests.components.login_page.LoginTest -->
