<?xml version="1.0" encoding="UTF-8"?>
<!-- Generated by org.testng.reporters.JUnitReportReporter -->
<testsuite hostname="Miha-PC" name="tests.components.login_page.LoginTest" tests="4" failures="0" timestamp="30 Mar 2016 17:44:46 GMT" time="40.368" errors="0">
  <testcase name="shouldAlertAppearsIfLogInWithEmptyCredentials" time="4.097" classname="tests.components.login_page.LoginTest"/>
  <testcase name="shouldAlertAppearsIfLogInWithEmptyCredentials" time="3.090" classname="tests.components.login_page.LoginTest"/>
  <testcase name="canNotLoginWithIncorrectLogin" time="11.662" classname="tests.components.login_page.LoginTest"/>
  <testcase name="canLoginWithValidCredentials" time="21.519" classname="tests.components.login_page.LoginTest"/>
</testsuite> <!-- tests.components.login_page.LoginTest -->
