<?xml version="1.0" encoding="UTF-8"?>
<!-- Generated by org.testng.reporters.JUnitReportReporter -->
<testsuite hostname="Miha-PC" name="tests.components.home_page.HomePageTest" tests="1" failures="0" timestamp="13 Feb 2016 19:06:21 GMT" time="20.605" errors="0">
  <testcase name="canVerifyContentOfHomePage" time="20.605" classname="tests.components.home_page.HomePageTest"/>
</testsuite> <!-- tests.components.home_page.HomePageTest -->
